This is pdfTeX, Version 3.14159265-2.6-1.40.20 (TeX Live 2019/Debian) (preloaded format=pdflatex 2023.7.1)  14 NOV 2023 13:29
entering extended mode
 restricted \write18 enabled.
 %&-line parsing enabled.
**Report.tex
(./Report.tex
LaTeX2e <2020-02-02> patch level 2
L3 programming layer <2020-02-14>
(/usr/share/texlive/texmf-dist/tex/latex/base/article.cls
Document Class: article 2019/12/20 v1.4l Standard LaTeX document class
(/usr/share/texlive/texmf-dist/tex/latex/base/size10.clo
File: size10.clo 2019/12/20 v1.4l Standard LaTeX file (size option)
)
\c@part=\count167
\c@section=\count168
\c@subsection=\count169
\c@subsubsection=\count170
\c@paragraph=\count171
\c@subparagraph=\count172
\c@figure=\count173
\c@table=\count174
\abovecaptionskip=\skip47
\belowcaptionskip=\skip48
\bibindent=\dimen134
)
(/usr/share/texlive/texmf-dist/tex/latex/graphics/graphicx.sty
Package: graphicx 2019/11/30 v1.2a Enhanced LaTeX Graphics (DPC,SPQR)

(/usr/share/texlive/texmf-dist/tex/latex/graphics/keyval.sty
Package: keyval 2014/10/28 v1.15 key=value parser (DPC)
\KV@toks@=\toks14
)
(/usr/share/texlive/texmf-dist/tex/latex/graphics/graphics.sty
Package: graphics 2019/11/30 v1.4a Standard LaTeX Graphics (DPC,SPQR)

(/usr/share/texlive/texmf-dist/tex/latex/graphics/trig.sty
Package: trig 2016/01/03 v1.10 sin cos tan (DPC)
)
(/usr/share/texlive/texmf-dist/tex/latex/graphics-cfg/graphics.cfg
File: graphics.cfg 2016/06/04 v1.11 sample graphics configuration
)
Package graphics Info: Driver file: pdftex.def on input line 105.

(/usr/share/texlive/texmf-dist/tex/latex/graphics-def/pdftex.def
File: pdftex.def 2018/01/08 v1.0l Graphics/color driver for pdftex
))
\Gin@req@height=\dimen135
\Gin@req@width=\dimen136
)
(/usr/share/texlive/texmf-dist/tex/latex/caption/subcaption.sty
Package: subcaption 2020/01/22 v1.3d Sub-captions (AR)

(/usr/share/texlive/texmf-dist/tex/latex/caption/caption.sty
Package: caption 2020/01/03 v3.4h Customizing captions (AR)

(/usr/share/texlive/texmf-dist/tex/latex/caption/caption3.sty
Package: caption3 2020/01/03 v1.8h caption3 kernel (AR)
Package caption3 Info: TeX engine: e-TeX on input line 61.
\captionmargin=\dimen137
\captionmargin@=\dimen138
\captionwidth=\dimen139
\caption@tempdima=\dimen140
\caption@indent=\dimen141
\caption@parindent=\dimen142
\caption@hangindent=\dimen143
Package caption Info: Standard document class detected.
)
\c@caption@flags=\count175
\c@continuedfloat=\count176
)
\c@subfigure=\count177
\c@subtable=\count178
)
(/usr/share/texlive/texmf-dist/tex/latex/l3backend/l3backend-pdfmode.def
File: l3backend-pdfmode.def 2020-02-03 L3 backend support: PDF mode
\l__kernel_color_stack_int=\count179
\l__pdf_internal_box=\box45
)
(./Report.aux

LaTeX Warning: Label `fig:img1' multiply defined.


LaTeX Warning: Label `sub@fig:img1' multiply defined.


LaTeX Warning: Label `fig:img2' multiply defined.


LaTeX Warning: Label `sub@fig:img2' multiply defined.


LaTeX Warning: Label `fig:img3' multiply defined.


LaTeX Warning: Label `sub@fig:img3' multiply defined.


LaTeX Warning: Label `fig:three_images' multiply defined.

)
\openout1 = `Report.aux'.

LaTeX Font Info:    Checking defaults for OML/cmm/m/it on input line 5.
LaTeX Font Info:    ... okay on input line 5.
LaTeX Font Info:    Checking defaults for OMS/cmsy/m/n on input line 5.
LaTeX Font Info:    ... okay on input line 5.
LaTeX Font Info:    Checking defaults for OT1/cmr/m/n on input line 5.
LaTeX Font Info:    ... okay on input line 5.
LaTeX Font Info:    Checking defaults for T1/cmr/m/n on input line 5.
LaTeX Font Info:    ... okay on input line 5.
LaTeX Font Info:    Checking defaults for TS1/cmr/m/n on input line 5.
LaTeX Font Info:    ... okay on input line 5.
LaTeX Font Info:    Checking defaults for OMX/cmex/m/n on input line 5.
LaTeX Font Info:    ... okay on input line 5.
LaTeX Font Info:    Checking defaults for U/cmr/m/n on input line 5.
LaTeX Font Info:    ... okay on input line 5.
 (/usr/share/texlive/texmf-dist/tex/context/base/mkii/supp-pdf.mkii
[Loading MPS to PDF converter (version 2006.09.02).]
\scratchcounter=\count180
\scratchdimen=\dimen144
\scratchbox=\box46
\nofMPsegments=\count181
\nofMParguments=\count182
\everyMPshowfont=\toks15
\MPscratchCnt=\count183
\MPscratchDim=\dimen145
\MPnumerator=\count184
\makeMPintoPDFobject=\count185
\everyMPtoPDFconversion=\toks16
) (/usr/share/texlive/texmf-dist/tex/latex/epstopdf-pkg/epstopdf-base.sty
Package: epstopdf-base 2020-01-24 v2.11 Base part for package epstopdf
Package epstopdf-base Info: Redefining graphics rule for `.eps' on input line 4
85.

(/usr/share/texlive/texmf-dist/tex/latex/latexconfig/epstopdf-sys.cfg
File: epstopdf-sys.cfg 2010/07/13 v1.3 Configuration of (r)epstopdf for TeX Liv
e
))
Package caption Info: Begin \AtBeginDocument code.
Package caption Info: End \AtBeginDocument code.
<../figureInt100.png, id=1, 361.35pt x 361.35pt>
File: ../figureInt100.png Graphic file (type png)
<use ../figureInt100.png>
Package pdftex.def Info: ../figureInt100.png  used on input line 11.
(pdftex.def)             Requested size: 103.50105pt x 103.4986pt.
LaTeX Font Info:    External font `cmex10' loaded for size
(Font)              <7> on input line 14.
LaTeX Font Info:    External font `cmex10' loaded for size
(Font)              <5> on input line 14.
<../figureInt1000.png, id=3, 361.35pt x 361.35pt>
File: ../figureInt1000.png Graphic file (type png)
<use ../figureInt1000.png>
Package pdftex.def Info: ../figureInt1000.png  used on input line 17.
(pdftex.def)             Requested size: 103.50105pt x 103.4986pt.
<../figureInt5000.png, id=4, 361.35pt x 361.35pt>
File: ../figureInt5000.png Graphic file (type png)
<use ../figureInt5000.png>
Package pdftex.def Info: ../figureInt5000.png  used on input line 23.
(pdftex.def)             Requested size: 103.50105pt x 103.4986pt.
<../figureByte100.png, id=5, 361.35pt x 361.35pt>
File: ../figureByte100.png Graphic file (type png)
<use ../figureByte100.png>
Package pdftex.def Info: ../figureByte100.png  used on input line 35.
(pdftex.def)             Requested size: 103.50105pt x 103.4986pt.
<../figureByte1000.png, id=6, 361.35pt x 361.35pt>
File: ../figureByte1000.png Graphic file (type png)
<use ../figureByte1000.png>
Package pdftex.def Info: ../figureByte1000.png  used on input line 41.
(pdftex.def)             Requested size: 103.50105pt x 103.4986pt.
<../figureByte5000.png, id=7, 361.35pt x 361.35pt>
File: ../figureByte5000.png Graphic file (type png)
<use ../figureByte5000.png>
Package pdftex.def Info: ../figureByte5000.png  used on input line 47.
(pdftex.def)             Requested size: 103.50105pt x 103.4986pt.

[1

{/var/lib/texmf/fonts/map/pdftex/updmap/pdftex.map} <../figureInt100.png> <../f
igureInt1000.png> <../figureInt5000.png> <../figureByte100.png> <../figureByte1
000.png> <../figureByte5000.png>] (./Report.aux)

LaTeX Warning: There were multiply-defined labels.

 ) 
Here is how much of TeX's memory you used:
 2354 strings out of 483183
 38729 string characters out of 5966293
 266649 words of memory out of 5000000
 17401 multiletter control sequences out of 15000+600000
 532637 words of font info for 25 fonts, out of 8000000 for 9000
 14 hyphenation exceptions out of 8191
 48i,7n,46p,257b,453s stack positions out of 5000i,500n,10000p,200000b,80000s
</usr/share/texlive/texmf-dist/fonts/type1/public/amsfonts/cm/cmr10.pfb></usr
/share/texlive/texmf-dist/fonts/type1/public/amsfonts/cm/cmr9.pfb>
Output written on Report.pdf (1 page, 99339 bytes).
PDF statistics:
 29 PDF objects out of 1000 (max. 8388607)
 11 compressed objects within 1 object stream
 0 named destinations out of 1000 (max. 500000)
 31 words of extra memory for PDF output out of 10000 (max. 10000000)

